<?xml version="1.0" encoding="UTF-8"?>
<!-- Generated by org.testng.reporters.JUnitReportReporter -->
<testsuite hostname="Surface" failures="0" tests="4" name="testNG.TestNGAnnotations" time="0.011" errors="0" timestamp="27 Feb 2021 11:28:37 GMT" skipped="0">
  <testcase classname="testNG.TestNGAnnotations" name="d" time="0.005"/>
  <testcase classname="testNG.TestNGAnnotations" name="a" time="0.002"/>
  <testcase classname="testNG.TestNGAnnotations" name="b" time="0.002"/>
  <testcase classname="testNG.TestNGAnnotations" name="c" time="0.002"/>
</testsuite> <!-- testNG.TestNGAnnotations -->
