<?xml version="1.0" encoding="UTF-8"?>
<!-- Generated by org.testng.reporters.JUnitReportReporter -->
<testsuite hostname="Surface" failures="0" tests="2" name="testNG.ParallelExecution" time="32.210" errors="0" timestamp="01 Mar 2021 06:53:58 GMT" skipped="0">
  <testcase classname="testNG.ParallelExecution" name="chromeBrowser" time="16.098"/>
  <testcase classname="testNG.ParallelExecution" name="fireFoxBrowser" time="16.112"/>
</testsuite> <!-- testNG.ParallelExecution -->
