<?xml version="1.0" encoding="UTF-8"?>
<!-- Generated by org.testng.reporters.JUnitReportReporter -->
<testsuite hostname="Surface" failures="0" tests="1" name="testNG.TestNGparameters" time="0.012" errors="0" timestamp="27 Feb 2021 12:59:36 GMT" skipped="0">
  <testcase classname="testNG.TestNGparameters" name="test" time="0.012"/>
</testsuite> <!-- testNG.TestNGparameters -->
