<?xml version="1.0" encoding="UTF-8"?>
<!-- Generated by org.testng.reporters.JUnitReportReporter -->
<testsuite hostname="Surface" failures="0" tests="2" name="testNG.TestNGAssertions" time="0.020" errors="0" timestamp="27 Feb 2021 14:53:03 GMT" skipped="1">
  <testcase classname="testNG.TestNGAssertions" name="SoftAssertion" time="0.020"/>
  <testcase classname="testNG.TestNGAssertions" name="hardAssertion">
    <skipped/>
  </testcase> <!-- hardAssertion -->
</testsuite> <!-- testNG.TestNGAssertions -->
