<?xml version="1.0" encoding="UTF-8"?>
<!-- Generated by org.testng.reporters.JUnitReportReporter -->
<testsuite hostname="Surface" failures="0" tests="4" name="testNG.TestNGDataProviderConcept" time="0.014" errors="0" timestamp="27 Feb 2021 14:26:07 GMT" skipped="0">
  <testcase classname="testNG.TestNGDataProviderConcept" name="test" time="0.009"/>
  <testcase classname="testNG.TestNGDataProviderConcept" name="test" time="0.001"/>
  <testcase classname="testNG.TestNGDataProviderConcept" name="test" time="0.002"/>
  <testcase classname="testNG.TestNGDataProviderConcept" name="test" time="0.002"/>
</testsuite> <!-- testNG.TestNGDataProviderConcept -->
